0 info it worked if it ends with ok
1 verbose cli [ 'd:\\Program Files\\nodejs\\node.exe',
1 verbose cli   'd:\\Program Files\\nodejs\\node_modules\\npm\\bin\\npm-cli.js',
1 verbose cli   'install',
1 verbose cli   'reactjs' ]
2 info using npm@1.4.28
3 info using node@v0.10.34
4 warn package.json requirejs-project-structure@0.0.0 No repository field.
5 verbose readDependencies using package.json deps
6 verbose cache add [ 'reactjs', null ]
7 verbose cache add name=undefined spec="reactjs" args=["reactjs",null]
8 verbose parsed url { protocol: null,
8 verbose parsed url   slashes: null,
8 verbose parsed url   auth: null,
8 verbose parsed url   host: null,
8 verbose parsed url   port: null,
8 verbose parsed url   hostname: null,
8 verbose parsed url   hash: null,
8 verbose parsed url   search: null,
8 verbose parsed url   query: null,
8 verbose parsed url   pathname: 'reactjs',
8 verbose parsed url   path: 'reactjs',
8 verbose parsed url   href: 'reactjs' }
9 silly lockFile 1f82c518-reactjs reactjs
10 verbose lock reactjs C:\Users\lorem\AppData\Roaming\npm-cache\1f82c518-reactjs.lock
11 silly lockFile 1f82c518-reactjs reactjs
12 silly lockFile 1f82c518-reactjs reactjs
13 verbose addNamed [ 'reactjs', '' ]
14 verbose addNamed [ null, '*' ]
15 silly lockFile 0835dd3a-reactjs reactjs@
16 verbose lock reactjs@ C:\Users\lorem\AppData\Roaming\npm-cache\0835dd3a-reactjs.lock
17 silly addNameRange { name: 'reactjs', range: '*', hasData: false }
18 verbose request where is /reactjs
19 verbose request registry http://registry.npmjs.eu/
20 verbose request id 708ae383525828be
21 verbose url raw /reactjs
22 verbose url resolving [ 'http://registry.npmjs.eu/', './reactjs' ]
23 verbose url resolved http://registry.npmjs.eu/reactjs
24 verbose request where is http://registry.npmjs.eu/reactjs
25 info trying registry request attempt 1 at 14:27:40
26 http GET http://registry.npmjs.eu/reactjs
27 http 404 http://registry.npmjs.eu/reactjs
28 verbose headers { date: 'Fri, 17 Apr 2015 06:28:39 GMT',
28 verbose headers   server: 'CouchDB/1.5.0 (Erlang OTP/R16B03)',
28 verbose headers   'content-type': 'application/json',
28 verbose headers   'cache-control': 'max-age=0',
28 verbose headers   'content-length': '51',
28 verbose headers   'accept-ranges': 'bytes',
28 verbose headers   via: '1.1 varnish',
28 verbose headers   age: '0',
28 verbose headers   'x-served-by': 'cache-nrt6134-NRT',
28 verbose headers   'x-cache': 'MISS',
28 verbose headers   'x-cache-hits': '0',
28 verbose headers   'x-timer': 'S1429252119.010223,VS0,VE169',
28 verbose headers   'keep-alive': 'timeout=10, max=50',
28 verbose headers   connection: 'Keep-Alive' }
29 silly registry.get cb [ 404,
29 silly registry.get   { date: 'Fri, 17 Apr 2015 06:28:39 GMT',
29 silly registry.get     server: 'CouchDB/1.5.0 (Erlang OTP/R16B03)',
29 silly registry.get     'content-type': 'application/json',
29 silly registry.get     'cache-control': 'max-age=0',
29 silly registry.get     'content-length': '51',
29 silly registry.get     'accept-ranges': 'bytes',
29 silly registry.get     via: '1.1 varnish',
29 silly registry.get     age: '0',
29 silly registry.get     'x-served-by': 'cache-nrt6134-NRT',
29 silly registry.get     'x-cache': 'MISS',
29 silly registry.get     'x-cache-hits': '0',
29 silly registry.get     'x-timer': 'S1429252119.010223,VS0,VE169',
29 silly registry.get     'keep-alive': 'timeout=10, max=50',
29 silly registry.get     connection: 'Keep-Alive' } ]
30 silly lockFile 0835dd3a-reactjs reactjs@
31 silly lockFile 0835dd3a-reactjs reactjs@
32 error 404 404 Not Found: reactjs
32 error 404
32 error 404 'reactjs' is not in the npm registry.
32 error 404 You should bug the author to publish it
32 error 404 It was specified as a dependency of 'requirejs-project-structure'
32 error 404
32 error 404 Note that you can also install from a
32 error 404 tarball, folder, or http url, or git url.
33 error System Windows_NT 6.2.9200
34 error command "d:\\Program Files\\nodejs\\node.exe" "d:\\Program Files\\nodejs\\node_modules\\npm\\bin\\npm-cli.js" "install" "reactjs"
35 error cwd e:\_projects\mine\mapleLeaf
36 error node -v v0.10.34
37 error npm -v 1.4.28
38 error code E404
39 verbose exit [ 1, true ]
